Simulation started. PID: 13976
Log to: C:\Users\IDEAUser\AppData\Local\Temp\SequenceSimulation\2025_09_22_03_43_27\SequenceSimulation.log


MriSeqSimDSPClient.exe   (Build: Jan 21 2016) - V03.01

Simulator DLL:   4.0 - release version (Build: Jan 20 2016)



This simulator provides the following options:

GPO GPP GPN AD2 NC2 D0X D0Y D0Z GSR GAM M0X M0Y M0Z M1X M1Y M1Z MXX 

MXY MXZ PXA PYA PZA PXB PYB PZB PXC PYC PZC SFX SFY SFZ SAP SLL SLT 

RFP BON BA0 BB0 BC0 BOS BD0 BE0 BF0 PRF PR2 



Active settings: [  i0] [RFD+] [MXX+] [ctx:PAC_2] 



[System type: PCIe]

 2025/09/22-15:43:44.106807 13976 MriSeqSimDSPClient.exe 16176 Thread-16176 -1 Info 0 MrPMUSrv:PMUSerIF PMUSerIF.cpp:120 PMUServerIF::PMUServerIF PMUSerIF::PMUServerIF Interface Testmode is ON
2025-09-22 15:43:51.902 AdjServerIFImpl::AdjServerIFImpl(): Adjustment server TCP/IP configuration is localhost:3101,3102,3103
2025/09/22-15:43:51.917387 RFSWDInterfaceImpl::RFSWDInterfaceImpl +++++ Process: 13976, Thread: 16176
2025-09-22 15:43:51.969 AdjCoilSelect::get(): No extension of coil select needed for SystemBC or LcTx
nSamples  450
gradVal 11.7434
nSamples  450
gradVal 11.7434
Energy of one AFP pulse1 16.0419
Energy of one AFP pulse2 16.0419
Mon Sep 22 15:43:52.065 V1= 409.95      V2 = 409.95  V
Mon Sep 22 15:43:52.065 B1= 19.27 uT      Energy = 16.04  Ws
Mon Sep 22 15:43:52.140 myCSDfrq   -209
i = 0
m_ph_s_sl_2.getFrequency -209
m_ph_s_ph_2.getFrequency -209
   
   C:\Users\IDEAUser\AppData\Local\Temp\SequenceSimulation\2025_09_22_03_43_27\SimulationProtocol_ERR.dsv
   
   Created by DSP-Simulator / V4.0 - release version (Build: Jan 20 2016)
   15:43:42 on Monday, September 22, 2025
   

= Starting protocol simulation.
  - The protocol contains 1 event blocks.
  - These event blocks do supply DSP instructions for approximately 0.000000.

= Gradient amplitude check is active for GPA 0:
  - Maximum allowed gradient strength in X orientation: 80.000000 mT/m
  - Maximum allowed gradient strength in Y orientation: 80.000000 mT/m
  - Maximum allowed gradient strength in Z orientation: 80.000000 mT/m

= Gradient slew rate check is active for GPA 0:
  - Maximum allowed slew rate in X orientation: 200.000000 mT/m/ms
  - Maximum allowed slew rate in Y orientation: 200.000000 mT/m/ms
  - Maximum allowed slew rate in Z orientation: 200.000000 mT/m/ms

= Gradient dB/dt information for gradient 0:
  - dBdt peak [T/s]: 73.173264 (limit 100.000000, threshold 80.000000, time 0.856910 [s], ident = ss_gzcr3)
  - dBdt rms  [T/s]: 1.040702 (limit 56.000000, threshold 44.799999)

= Sequence passed the gradient amplitude check successfully for GPA 0.
  - The maximum allowed gradient strength has not been exceeded!
  - The peak gradient strength in X orientation was: 22.583696 mT/m.
  - The peak gradient strength in Y orientation was: 29.358807 mT/m.
  - The peak gradient strength in Z orientation was: 31.136227 mT/m.

= Sequence passed the gradient slew rate check successfully for GPA 0.
  - The maximum allowed gradient slew rate has not been exceeded!
  - The peak slew rate in X orientation was: 112.918484 mT/m/ms.
  - The peak slew rate in Y orientation was: 146.794033 mT/m/ms.
  - The peak slew rate in Z orientation was: 155.681181 mT/m/ms.

= Simulation successfully complete

Errors: 0  ()                                               

Simulation finished. Results and logs can be found at: C:\Users\IDEAUser\AppData\Local\Temp\SequenceSimulation\2025_09_22_03_43_27
